# JRE version: OpenJDK Runtime Environment (8.0_302-b08) (build 1.8.0_302-b08)
# Java VM: OpenJDK 64-Bit Server VM (25.302-b08 mixed mode windows-amd64 compressed oops)
Heap:
 PSYoungGen      total 128512K, used 108508K [0x00000000f5580000, 0x00000000fe500000, 0x0000000100000000)
  eden space 122368K, 84% used [0x00000000f5580000,0x00000000fba7ec20,0x00000000fcd00000)
  from space 6144K, 82% used [0x00000000fdf00000,0x00000000fe3f8588,0x00000000fe500000)
  to   space 12288K, 0% used [0x00000000fcd00000,0x00000000fcd00000,0x00000000fd900000)
 ParOldGen       total 182272K, used 15833K [0x00000000e0000000, 0x00000000eb200000, 0x00000000f5580000)
  object space 182272K, 8% used [0x00000000e0000000,0x00000000e0f76570,0x00000000eb200000)
 Metaspace       used 46657K, capacity 48722K, committed 49024K, reserved 1091584K
  class space    used 6468K, capacity 6939K, committed 7040K, reserved 1048576K
GC Heap History (10 events):
Event: 5.774 GC heap before
{Heap before GC invocations=6 (full 1):
 PSYoungGen      total 76288K, used 65536K [0x00000000f5580000, 0x00000000faa80000, 0x0000000100000000)
  eden space 65536K, 100% used [0x00000000f5580000,0x00000000f9580000,0x00000000f9580000)
  from space 10752K, 0% used [0x00000000fa000000,0x00000000fa000000,0x00000000faa80000)
  to   space 10752K, 0% used [0x00000000f9580000,0x00000000f9580000,0x00000000fa000000)
 ParOldGen       total 175104K, used 8114K [0x00000000e0000000, 0x00000000eab00000, 0x00000000f5580000)
  object space 175104K, 4% used [0x00000000e0000000,0x00000000e07ec898,0x00000000eab00000)
 Metaspace       used 28499K, capacity 29408K, committed 29696K, reserved 1075200K
  class space    used 4099K, capacity 4286K, committed 4352K, reserved 1048576K
Event: 5.779 GC heap after
Heap after GC invocations=6 (full 1):
 PSYoungGen      total 76288K, used 8332K [0x00000000f5580000, 0x00000000fc480000, 0x0000000100000000)
  eden space 65536K, 0% used [0x00000000f5580000,0x00000000f5580000,0x00000000f9580000)
  from space 10752K, 77% used [0x00000000f9580000,0x00000000f9da32f8,0x00000000fa000000)
  to   space 11776K, 0% used [0x00000000fb900000,0x00000000fb900000,0x00000000fc480000)
 ParOldGen       total 175104K, used 8122K [0x00000000e0000000, 0x00000000eab00000, 0x00000000f5580000)
  object space 175104K, 4% used [0x00000000e0000000,0x00000000e07ee898,0x00000000eab00000)
 Metaspace       used 28499K, capacity 29408K, committed 29696K, reserved 1075200K
  class space    used 4099K, capacity 4286K, committed 4352K, reserved 1048576K
}
Event: 8.576 GC heap before
{Heap before GC invocations=7 (full 1):
 PSYoungGen      total 76288K, used 73868K [0x00000000f5580000, 0x00000000fc480000, 0x0000000100000000)
  eden space 65536K, 100% used [0x00000000f5580000,0x00000000f9580000,0x00000000f9580000)
  from space 10752K, 77% used [0x00000000f9580000,0x00000000f9da32f8,0x00000000fa000000)
  to   space 11776K, 0% used [0x00000000fb900000,0x00000000fb900000,0x00000000fc480000)
 ParOldGen       total 175104K, used 8122K [0x00000000e0000000, 0x00000000eab00000, 0x00000000f5580000)
  object space 175104K, 4% used [0x00000000e0000000,0x00000000e07ee898,0x00000000eab00000)
 Metaspace       used 32746K, capacity 33770K, committed 33920K, reserved 1079296K
  class space    used 4634K, capacity 4888K, committed 4992K, reserved 1048576K
Event: 8.588 GC heap after
Heap after GC invocations=7 (full 1):
 PSYoungGen      total 97792K, used 9664K [0x00000000f5580000, 0x00000000fc280000, 0x0000000100000000)
  eden space 88064K, 0% used [0x00000000f5580000,0x00000000f5580000,0x00000000fab80000)
  from space 9728K, 99% used [0x00000000fb900000,0x00000000fc2702d0,0x00000000fc280000)
  to   space 11776K, 0% used [0x00000000fab80000,0x00000000fab80000,0x00000000fb700000)
 ParOldGen       total 175104K, used 8130K [0x00000000e0000000, 0x00000000eab00000, 0x00000000f5580000)
  object space 175104K, 4% used [0x00000000e0000000,0x00000000e07f0898,0x00000000eab00000)
 Metaspace       used 32746K, capacity 33770K, committed 33920K, reserved 1079296K
  class space    used 4634K, capacity 4888K, committed 4992K, reserved 1048576K
}
Event: 9.035 GC heap before
{Heap before GC invocations=8 (full 1):
 PSYoungGen      total 97792K, used 42841K [0x00000000f5580000, 0x00000000fc280000, 0x0000000100000000)
  eden space 88064K, 37% used [0x00000000f5580000,0x00000000f75e6490,0x00000000fab80000)
  from space 9728K, 99% used [0x00000000fb900000,0x00000000fc2702d0,0x00000000fc280000)
  to   space 11776K, 0% used [0x00000000fab80000,0x00000000fab80000,0x00000000fb700000)
 ParOldGen       total 175104K, used 8130K [0x00000000e0000000, 0x00000000eab00000, 0x00000000f5580000)
  object space 175104K, 4% used [0x00000000e0000000,0x00000000e07f0898,0x00000000eab00000)
 Metaspace       used 34288K, capacity 35466K, committed 35496K, reserved 1079296K
  class space    used 4797K, capacity 5105K, committed 5120K, reserved 1048576K
Event: 9.047 GC heap after
Heap after GC invocations=8 (full 1):
 PSYoungGen      total 99840K, used 9118K [0x00000000f5580000, 0x00000000fea80000, 0x0000000100000000)
  eden space 88064K, 0% used [0x00000000f5580000,0x00000000f5580000,0x00000000fab80000)
  from space 11776K, 77% used [0x00000000fab80000,0x00000000fb467868,0x00000000fb700000)
  to   space 11776K, 0% used [0x00000000fdf00000,0x00000000fdf00000,0x00000000fea80000)
 ParOldGen       total 175104K, used 8138K [0x00000000e0000000, 0x00000000eab00000, 0x00000000f5580000)
  object space 175104K, 4% used [0x00000000e0000000,0x00000000e07f2898,0x00000000eab00000)
 Metaspace       used 34288K, capacity 35466K, committed 35496K, reserved 1079296K
  class space    used 4797K, capacity 5105K, committed 5120K, reserved 1048576K
}
Event: 9.047 GC heap before
{Heap before GC invocations=9 (full 2):
 PSYoungGen      total 99840K, used 9118K [0x00000000f5580000, 0x00000000fea80000, 0x0000000100000000)
  eden space 88064K, 0% used [0x00000000f5580000,0x00000000f5580000,0x00000000fab80000)
  from space 11776K, 77% used [0x00000000fab80000,0x00000000fb467868,0x00000000fb700000)
  to   space 11776K, 0% used [0x00000000fdf00000,0x00000000fdf00000,0x00000000fea80000)
 ParOldGen       total 175104K, used 8138K [0x00000000e0000000, 0x00000000eab00000, 0x00000000f5580000)
  object space 175104K, 4% used [0x00000000e0000000,0x00000000e07f2898,0x00000000eab00000)
 Metaspace       used 34288K, capacity 35466K, committed 35496K, reserved 1079296K
  class space    used 4797K, capacity 5105K, committed 5120K, reserved 1048576K
Event: 9.132 GC heap after
Heap after GC invocations=9 (full 2):
 PSYoungGen      total 99840K, used 0K [0x00000000f5580000, 0x00000000fea80000, 0x0000000100000000)
  eden space 88064K, 0% used [0x00000000f5580000,0x00000000f5580000,0x00000000fab80000)
  from space 11776K, 0% used [0x00000000fab80000,0x00000000fab80000,0x00000000fb700000)
  to   space 11776K, 0% used [0x00000000fdf00000,0x00000000fdf00000,0x00000000fea80000)
 ParOldGen       total 182272K, used 15825K [0x00000000e0000000, 0x00000000eb200000, 0x00000000f5580000)
  object space 182272K, 8% used [0x00000000e0000000,0x00000000e0f74570,0x00000000eb200000)
 Metaspace       used 34288K, capacity 35466K, committed 35496K, reserved 1079296K
  class space    used 4797K, capacity 5105K, committed 5120K, reserved 1048576K
}
Event: 10.307 GC heap before
{Heap before GC invocations=10 (full 2):
 PSYoungGen      total 99840K, used 88064K [0x00000000f5580000, 0x00000000fea80000, 0x0000000100000000)
  eden space 88064K, 100% used [0x00000000f5580000,0x00000000fab80000,0x00000000fab80000)
  from space 11776K, 0% used [0x00000000fab80000,0x00000000fab80000,0x00000000fb700000)
  to   space 11776K, 0% used [0x00000000fdf00000,0x00000000fdf00000,0x00000000fea80000)
 ParOldGen       total 182272K, used 15825K [0x00000000e0000000, 0x00000000eb200000, 0x00000000f5580000)
  object space 182272K, 8% used [0x00000000e0000000,0x00000000e0f74570,0x00000000eb200000)
 Metaspace       used 37473K, capacity 39220K, committed 39424K, reserved 1083392K
  class space    used 5260K, capacity 5620K, committed 5632K, reserved 1048576K
Event: 10.315 GC heap after
Heap after GC invocations=10 (full 2):
 PSYoungGen      total 128512K, used 5089K [0x00000000f5580000, 0x00000000fe500000, 0x0000000100000000)
  eden space 122368K, 0% used [0x00000000f5580000,0x00000000f5580000,0x00000000fcd00000)
  from space 6144K, 82% used [0x00000000fdf00000,0x00000000fe3f8588,0x00000000fe500000)
  to   space 12288K, 0% used [0x00000000fcd00000,0x00000000fcd00000,0x00000000fd900000)
 ParOldGen       total 182272K, used 15833K [0x00000000e0000000, 0x00000000eb200000, 0x00000000f5580000)
  object space 182272K, 8% used [0x00000000e0000000,0x00000000e0f76570,0x00000000eb200000)
 Metaspace       used 37473K, capacity 39220K, committed 39424K, reserved 1083392K
  class space    used 5260K, capacity 5620K, committed 5632K, reserved 1048576K
}

